[2017-06-25 07:10] [PACMAN] Running 'pacman -r work/x86_64/airootfs -Sy --noconfirm --config=work/pacman.conf base syslinux'
[2017-06-25 07:10] [PACMAN] synchronizing package lists
[2017-06-25 07:11] [ALPM] transaction started
[2017-06-25 07:11] [ALPM] installed linux-api-headers (4.10.1-1)
[2017-06-25 07:11] [ALPM] installed tzdata (2017b-1)
[2017-06-25 07:11] [ALPM] installed iana-etc (20170512-1)
[2017-06-25 07:11] [ALPM] installed filesystem (2017.03-2)
[2017-06-25 07:11] [ALPM] installed glibc (2.25-4)
[2017-06-25 07:11] [ALPM] installed gcc-libs (7.1.1-2)
[2017-06-25 07:11] [ALPM] installed ncurses (6.0+20170527-1)
[2017-06-25 07:11] [ALPM] installed readline (7.0.003-1)
[2017-06-25 07:11] [ALPM] installed bash (4.4.012-2)
[2017-06-25 07:11] [ALPM] installed bzip2 (1.0.6-6)
[2017-06-25 07:11] [ALPM] installed attr (2.4.47-2)
[2017-06-25 07:11] [ALPM] installed acl (2.2.52-3)
[2017-06-25 07:11] [ALPM] installed gmp (6.1.2-1)
[2017-06-25 07:11] [ALPM] installed libcap (2.25-1)
[2017-06-25 07:11] [ALPM] installed gdbm (1.13-1)
[2017-06-25 07:11] [ALPM] installed db (5.3.28-3)
[2017-06-25 07:11] [ALPM] installed perl (5.26.0-1)
[2017-06-25 07:11] [ALPM] installed openssl (1.1.0.f-1)
[2017-06-25 07:11] [ALPM] installed coreutils (8.27-1)
[2017-06-25 07:11] [ALPM] installed libgpg-error (1.27-1)
[2017-06-25 07:11] [ALPM] installed libgcrypt (1.7.7-1)
[2017-06-25 07:11] [ALPM] installed lz4 (1:1.7.5-1)
[2017-06-25 07:11] [ALPM] installed xz (5.2.3-1)
[2017-06-25 07:11] [ALPM] installed libsystemd (232-8)
[2017-06-25 07:11] [ALPM] installed expat (2.2.0-2)
[2017-06-25 07:11] [ALPM] installed dbus (1.10.18-1)
[2017-06-25 07:11] [ALPM] installed libmnl (1.0.4-1)
[2017-06-25 07:11] [ALPM] installed libnftnl (1.0.7-1)
[2017-06-25 07:11] [ALPM] installed libnl (3.2.29-2)
[2017-06-25 07:11] [ALPM] installed libusb (1.0.21-2)
[2017-06-25 07:11] [ALPM] installed libpcap (1.8.1-2)
[2017-06-25 07:11] [ALPM] installed iptables (1.6.1-1)
[2017-06-25 07:11] [ALPM] installed zlib (1:1.2.11-1)
[2017-06-25 07:11] [ALPM] installed cracklib (2.9.6-1)
[2017-06-25 07:11] [ALPM] installed libutil-linux (2.29.2-2)
[2017-06-25 07:11] [ALPM] installed e2fsprogs (1.43.4-1)
[2017-06-25 07:11] [ALPM] installed libsasl (2.1.26-11)
[2017-06-25 07:11] [ALPM] installed libldap (2.4.44-5)
[2017-06-25 07:11] [ALPM] installed keyutils (1.5.10-1)
[2017-06-25 07:11] [ALPM] installed krb5 (1.15.1-1)
[2017-06-25 07:11] [ALPM] installed libtirpc (1.0.1-3)
[2017-06-25 07:11] [ALPM] installed pambase (20130928-1)
[2017-06-25 07:11] [ALPM] installed pam (1.3.0-1)
[2017-06-25 07:11] [ALPM] installed kbd (2.0.4-1)
[2017-06-25 07:11] [ALPM] installed kmod (24-1)
[2017-06-25 07:11] [ALPM] installed hwids (20170328-1)
[2017-06-25 07:11] [ALPM] installed libidn (1.33-1)
[2017-06-25 07:11] [ALPM] installed libelf (0.169-1)
[2017-06-25 07:11] [ALPM] installed libseccomp (2.3.2-1)
[2017-06-25 07:11] [ALPM] installed shadow (4.4-3)
[2017-06-25 07:11] [ALPM] installed util-linux (2.29.2-2)
[2017-06-25 07:11] [ALPM] installed systemd (232-8)
[2017-06-25 07:11] [ALPM-SCRIPTLET] Initializing machine ID from random generator.
[2017-06-25 07:11] [ALPM-SCRIPTLET] Created symlink /etc/systemd/system/getty.target.wants/getty@tty1.service → /usr/lib/systemd/system/getty@.service.
[2017-06-25 07:11] [ALPM-SCRIPTLET] Created symlink /etc/systemd/system/multi-user.target.wants/remote-fs.target → /usr/lib/systemd/system/remote-fs.target.
[2017-06-25 07:11] [ALPM-SCRIPTLET] :: Append 'init=/usr/lib/systemd/systemd' to your kernel command line in your
[2017-06-25 07:11] [ALPM-SCRIPTLET]    bootloader to replace sysvinit with systemd, or install systemd-sysvcompat
[2017-06-25 07:11] [ALPM] installed device-mapper (2.02.171-1)
[2017-06-25 07:11] [ALPM] installed popt (1.16-8)
[2017-06-25 07:11] [ALPM] installed cryptsetup (1.7.5-1)
[2017-06-25 07:11] [ALPM] installed dhcpcd (6.11.5-1)
[2017-06-25 07:11] [ALPM] installed diffutils (3.6-1)
[2017-06-25 07:11] [ALPM] installed file (5.31-1)
[2017-06-25 07:11] [ALPM] installed findutils (4.6.0-2)
[2017-06-25 07:11] [ALPM] installed mpfr (3.1.5.p2-1)
[2017-06-25 07:11] [ALPM] installed gawk (4.1.4-2)
[2017-06-25 07:11] [ALPM] installed pcre (8.40-1)
[2017-06-25 07:11] [ALPM] installed libffi (3.2.1-2)
[2017-06-25 07:11] [ALPM] installed glib2 (2.52.2+9+g3245eba16-1)
[2017-06-25 07:11] [ALPM] installed libunistring (0.9.7-1)
[2017-06-25 07:11] [ALPM] installed gettext (0.19.8.1-2)
[2017-06-25 07:11] [ALPM] installed grep (3.0-1)
[2017-06-25 07:11] [ALPM] installed less (487-1)
[2017-06-25 07:11] [ALPM] installed gzip (1.8-2)
[2017-06-25 07:11] [ALPM] installed inetutils (1.9.4-5)
[2017-06-25 07:11] [ALPM] installed iproute2 (4.11.0-1)
[2017-06-25 07:11] [ALPM] installed sysfsutils (2.1.0-9)
[2017-06-25 07:11] [ALPM] installed iputils (20161105.1f2bb12-2)
[2017-06-25 07:11] [ALPM] installed jfsutils (1.1.15-4)
[2017-06-25 07:11] [ALPM] installed licenses (20140629-2)
[2017-06-25 07:11] [ALPM] installed linux-firmware (20170422.ade8332-1)
[2017-06-25 07:11] [ALPM] installed mkinitcpio-busybox (1.25.1-2)
[2017-06-25 07:11] [ALPM] installed libarchive (3.3.1-5)
[2017-06-25 07:11] [ALPM] installed mkinitcpio (23-1)
[2017-06-25 07:11] [ALPM] installed linux (4.11.6-3)
[2017-06-25 07:11] [ALPM-SCRIPTLET] >>> Updating module dependencies. Please wait ...
[2017-06-25 07:11] [ALPM] installed logrotate (3.12.2-1)
[2017-06-25 07:11] [ALPM] installed libaio (0.3.110-1)
[2017-06-25 07:11] [ALPM] installed thin-provisioning-tools (0.7.0-1)
[2017-06-25 07:11] [ALPM] installed lvm2 (2.02.171-1)
[2017-06-25 07:11] [ALPM] installed groff (1.22.3-7)
[2017-06-25 07:11] [ALPM] installed libpipeline (1.4.1-1)
[2017-06-25 07:11] [ALPM] installed man-db (2.7.6.1-2)
[2017-06-25 07:11] [ALPM] installed man-pages (4.11-1)
[2017-06-25 07:11] [ALPM] installed mdadm (4.0-1)
[2017-06-25 07:11] [ALPM] installed nano (2.8.4-1)
[2017-06-25 07:11] [ALPM] installed openresolv (3.9.0-1)
[2017-06-25 07:11] [ALPM] installed netctl (1.12-2)
[2017-06-25 07:11] [ALPM] installed libtasn1 (4.12-1)
[2017-06-25 07:11] [ALPM] installed p11-kit (0.23.7-1)
[2017-06-25 07:11] [ALPM] installed ca-certificates-utils (20170307-1)
[2017-06-25 07:11] [ALPM] installed ca-certificates-mozilla (3.31-3)
[2017-06-25 07:11] [ALPM] installed ca-certificates-cacert (20140824-4)
[2017-06-25 07:11] [ALPM] installed ca-certificates (20170307-1)
[2017-06-25 07:11] [ALPM] installed libssh2 (1.8.0-2)
[2017-06-25 07:11] [ALPM] installed icu (59.1-1)
[2017-06-25 07:11] [ALPM] installed libpsl (0.17.0-2)
[2017-06-25 07:11] [ALPM] installed libnghttp2 (1.23.1-1)
[2017-06-25 07:11] [ALPM] installed curl (7.54.1-1)
[2017-06-25 07:11] [ALPM] installed npth (1.5-1)
[2017-06-25 07:11] [ALPM] installed libksba (1.3.4-2)
[2017-06-25 07:11] [ALPM] installed libassuan (2.4.3-1)
[2017-06-25 07:11] [ALPM] installed libsecret (0.18.5+14+g9980655-1)
[2017-06-25 07:11] [ALPM] installed pinentry (1.0.0-1)
[2017-06-25 07:11] [ALPM] installed nettle (3.3-1)
[2017-06-25 07:11] [ALPM] installed gnutls (3.5.13-1)
[2017-06-25 07:11] [ALPM] installed sqlite (3.19.3-1)
[2017-06-25 07:11] [ALPM] installed gnupg (2.1.21-3)
[2017-06-25 07:11] [ALPM] installed gpgme (1.9.0-3)
[2017-06-25 07:11] [ALPM] installed pacman-mirrorlist (20170427-1)
[2017-06-25 07:11] [ALPM] installed archlinux-keyring (20170611-1)
[2017-06-25 07:11] [ALPM] installed pacman (5.0.2-1)
[2017-06-25 07:11] [ALPM] installed pciutils (3.5.4-1)
[2017-06-25 07:11] [ALPM] installed pcmciautils (018-7)
[2017-06-25 07:11] [ALPM] installed procps-ng (3.3.12-1)
[2017-06-25 07:11] [ALPM] installed psmisc (22.21-3)
[2017-06-25 07:11] [ALPM] installed reiserfsprogs (3.6.25-1)
[2017-06-25 07:11] [ALPM] installed s-nail (14.8.16-2)
[2017-06-25 07:11] [ALPM] installed sed (4.4-1)
[2017-06-25 07:11] [ALPM] installed systemd-sysvcompat (232-8)
[2017-06-25 07:11] [ALPM] installed tar (1.29-2)
[2017-06-25 07:11] [ALPM] installed texinfo (6.3-2)
[2017-06-25 07:11] [ALPM] installed usbutils (008-1)
[2017-06-25 07:11] [ALPM] installed vi (1:070224-2)
[2017-06-25 07:11] [ALPM] installed which (2.21-2)
[2017-06-25 07:11] [ALPM] installed xfsprogs (4.11.0-1)
[2017-06-25 07:11] [ALPM] installed syslinux (6.03-7)
[2017-06-25 07:11] [ALPM-SCRIPTLET] 
[2017-06-25 07:11] [ALPM-SCRIPTLET] ==> For setting up Syslinux BIOS using the syslinux-install_update script follow
[2017-06-25 07:11] [ALPM-SCRIPTLET]     https://wiki.archlinux.org/index.php/Syslinux#Automatic_Install
[2017-06-25 07:11] [ALPM-SCRIPTLET] 
[2017-06-25 07:11] [ALPM-SCRIPTLET] ==> For setting up Syslinux EFI follow
[2017-06-25 07:11] [ALPM-SCRIPTLET]     https://wiki.archlinux.org/index.php/Syslinux#UEFI_Systems
[2017-06-25 07:11] [ALPM-SCRIPTLET] 
[2017-06-25 07:11] [ALPM-SCRIPTLET] ==> The syslinux-install_update script does not currently support EFI install
[2017-06-25 07:11] [ALPM-SCRIPTLET] 
[2017-06-25 07:11] [ALPM] transaction completed
[2017-06-25 07:11] [ALPM] running '90-linux.hook'...
[2017-06-25 07:11] [ALPM-SCRIPTLET] ==> Building image from preset: /etc/mkinitcpio.d/linux.preset: 'default'
[2017-06-25 07:11] [ALPM-SCRIPTLET]   -> -k /boot/vmlinuz-linux -c /etc/mkinitcpio.conf -g /boot/initramfs-linux.img
[2017-06-25 07:11] [ALPM-SCRIPTLET] ==> Starting build: 4.11.6-3-ARCH
[2017-06-25 07:11] [ALPM-SCRIPTLET]   -> Running build hook: [base]
[2017-06-25 07:11] [ALPM-SCRIPTLET]   -> Running build hook: [udev]
[2017-06-25 07:11] [ALPM-SCRIPTLET]   -> Running build hook: [autodetect]
[2017-06-25 07:11] [ALPM-SCRIPTLET]   -> Running build hook: [modconf]
[2017-06-25 07:11] [ALPM-SCRIPTLET]   -> Running build hook: [block]
[2017-06-25 07:11] [ALPM-SCRIPTLET]   -> Running build hook: [filesystems]
[2017-06-25 07:11] [ALPM-SCRIPTLET]   -> Running build hook: [keyboard]
[2017-06-25 07:11] [ALPM-SCRIPTLET]   -> Running build hook: [fsck]
[2017-06-25 07:11] [ALPM-SCRIPTLET] ==> Generating module dependencies
[2017-06-25 07:11] [ALPM-SCRIPTLET] ==> Creating gzip-compressed initcpio image: /boot/initramfs-linux.img
[2017-06-25 07:11] [ALPM-SCRIPTLET] bsdcpio: Failed to set default locale
[2017-06-25 07:11] [ALPM-SCRIPTLET] ==> Image generation successful
[2017-06-25 07:11] [ALPM-SCRIPTLET] ==> Building image from preset: /etc/mkinitcpio.d/linux.preset: 'fallback'
[2017-06-25 07:11] [ALPM-SCRIPTLET]   -> -k /boot/vmlinuz-linux -c /etc/mkinitcpio.conf -g /boot/initramfs-linux-fallback.img -S autodetect
[2017-06-25 07:11] [ALPM-SCRIPTLET] ==> Starting build: 4.11.6-3-ARCH
[2017-06-25 07:11] [ALPM-SCRIPTLET]   -> Running build hook: [base]
[2017-06-25 07:11] [ALPM-SCRIPTLET]   -> Running build hook: [udev]
[2017-06-25 07:11] [ALPM-SCRIPTLET]   -> Running build hook: [modconf]
[2017-06-25 07:11] [ALPM-SCRIPTLET]   -> Running build hook: [block]
[2017-06-25 07:11] [ALPM-SCRIPTLET] ==> WARNING: Possibly missing firmware for module: wd719x
[2017-06-25 07:11] [ALPM-SCRIPTLET] ==> WARNING: Possibly missing firmware for module: aic94xx
[2017-06-25 07:11] [ALPM-SCRIPTLET]   -> Running build hook: [filesystems]
[2017-06-25 07:11] [ALPM-SCRIPTLET]   -> Running build hook: [keyboard]
[2017-06-25 07:11] [ALPM-SCRIPTLET]   -> Running build hook: [fsck]
[2017-06-25 07:11] [ALPM-SCRIPTLET] ==> Generating module dependencies
[2017-06-25 07:11] [ALPM-SCRIPTLET] ==> Creating gzip-compressed initcpio image: /boot/initramfs-linux-fallback.img
[2017-06-25 07:11] [ALPM-SCRIPTLET] bsdcpio: Failed to set default locale
[2017-06-25 07:12] [ALPM-SCRIPTLET] ==> Image generation successful
[2017-06-25 07:12] [ALPM] running 'systemd-hwdb.hook'...
[2017-06-25 07:12] [ALPM] running 'systemd-sysusers.hook'...
[2017-06-25 07:12] [ALPM] running 'systemd-tmpfiles.hook'...
[2017-06-25 07:12] [ALPM] running 'systemd-update.hook'...
[2017-06-25 07:12] [ALPM] running 'texinfo-install.hook'...
[2017-06-25 07:12] [ALPM] running 'update-ca-trust.hook'...
[2017-06-25 07:12] [PACMAN] Running 'pacman -r work/x86_64/airootfs -Sy --noconfirm --config=work/pacman.conf haveged intel-ucode memtest86+ mkinitcpio-nfs-utils nbd zsh'
[2017-06-25 07:12] [PACMAN] synchronizing package lists
[2017-06-25 07:12] [ALPM] transaction started
[2017-06-25 07:12] [ALPM] installed haveged (1.9.1-2)
[2017-06-25 07:12] [ALPM] installed intel-ucode (20170511-1)
[2017-06-25 07:12] [ALPM] installed memtest86+ (5.01-2)
[2017-06-25 07:12] [ALPM] installed mkinitcpio-nfs-utils (0.3-5)
[2017-06-25 07:12] [ALPM] installed nbd (3.15.3-1)
[2017-06-25 07:12] [ALPM] installed zsh (5.3.1-2)
[2017-06-25 07:12] [ALPM] transaction completed
[2017-06-25 07:12] [ALPM] running '90-linux.hook'...
[2017-06-25 07:12] [ALPM-SCRIPTLET] ==> Building image from preset: /etc/mkinitcpio.d/linux.preset: 'default'
[2017-06-25 07:12] [ALPM-SCRIPTLET]   -> -k /boot/vmlinuz-linux -c /etc/mkinitcpio.conf -g /boot/initramfs-linux.img
[2017-06-25 07:12] [ALPM-SCRIPTLET] ==> Starting build: 4.11.6-3-ARCH
[2017-06-25 07:12] [ALPM-SCRIPTLET]   -> Running build hook: [base]
[2017-06-25 07:12] [ALPM-SCRIPTLET]   -> Running build hook: [udev]
[2017-06-25 07:12] [ALPM-SCRIPTLET]   -> Running build hook: [autodetect]
[2017-06-25 07:12] [ALPM-SCRIPTLET]   -> Running build hook: [modconf]
[2017-06-25 07:12] [ALPM-SCRIPTLET]   -> Running build hook: [block]
[2017-06-25 07:12] [ALPM-SCRIPTLET]   -> Running build hook: [filesystems]
[2017-06-25 07:12] [ALPM-SCRIPTLET]   -> Running build hook: [keyboard]
[2017-06-25 07:12] [ALPM-SCRIPTLET]   -> Running build hook: [fsck]
[2017-06-25 07:12] [ALPM-SCRIPTLET] ==> Generating module dependencies
[2017-06-25 07:12] [ALPM-SCRIPTLET] ==> Creating gzip-compressed initcpio image: /boot/initramfs-linux.img
[2017-06-25 07:12] [ALPM-SCRIPTLET] bsdcpio: Failed to set default locale
[2017-06-25 07:12] [ALPM-SCRIPTLET] ==> Image generation successful
[2017-06-25 07:12] [ALPM-SCRIPTLET] ==> Building image from preset: /etc/mkinitcpio.d/linux.preset: 'fallback'
[2017-06-25 07:12] [ALPM-SCRIPTLET]   -> -k /boot/vmlinuz-linux -c /etc/mkinitcpio.conf -g /boot/initramfs-linux-fallback.img -S autodetect
[2017-06-25 07:12] [ALPM-SCRIPTLET] ==> Starting build: 4.11.6-3-ARCH
[2017-06-25 07:12] [ALPM-SCRIPTLET]   -> Running build hook: [base]
[2017-06-25 07:12] [ALPM-SCRIPTLET]   -> Running build hook: [udev]
[2017-06-25 07:12] [ALPM-SCRIPTLET]   -> Running build hook: [modconf]
[2017-06-25 07:12] [ALPM-SCRIPTLET]   -> Running build hook: [block]
[2017-06-25 07:12] [ALPM-SCRIPTLET] ==> WARNING: Possibly missing firmware for module: wd719x
[2017-06-25 07:12] [ALPM-SCRIPTLET] ==> WARNING: Possibly missing firmware for module: aic94xx
[2017-06-25 07:12] [ALPM-SCRIPTLET]   -> Running build hook: [filesystems]
[2017-06-25 07:12] [ALPM-SCRIPTLET]   -> Running build hook: [keyboard]
[2017-06-25 07:12] [ALPM-SCRIPTLET]   -> Running build hook: [fsck]
[2017-06-25 07:12] [ALPM-SCRIPTLET] ==> Generating module dependencies
[2017-06-25 07:12] [ALPM-SCRIPTLET] ==> Creating gzip-compressed initcpio image: /boot/initramfs-linux-fallback.img
[2017-06-25 07:12] [ALPM-SCRIPTLET] bsdcpio: Failed to set default locale
[2017-06-25 07:12] [ALPM-SCRIPTLET] ==> Image generation successful
[2017-06-25 07:12] [ALPM] running 'systemd-sysusers.hook'...
[2017-06-25 07:12] [ALPM] running 'systemd-update.hook'...
